<?xml version="1.0" encoding="UTF-8"?>
<!-- Generated by org.testng.reporters.JUnitXMLReporter -->
<testsuite ignored="0" hostname="C02D2468MD6P" failures="0" tests="4" name="Default test" time="20.173" errors="0" timestamp="2022-06-28T18:30:42 BRT">
  <testcase classname="teste1.cenarios" name="buyMultipleMAX" time="2.271"/>
  <testcase classname="teste1.cenarios" name="buyMultipleMID" time="1.572"/>
  <testcase classname="teste1.cenarios" name="buySingleItem" time="1.167"/>
  <testcase classname="teste1.cenarios" name="removeItems" time="0.962"/>
</testsuite> <!-- Default test -->
