<?xml version="1.0" encoding="UTF-8"?>
<testng-results ignored="0" total="4" passed="4" failed="0" skipped="0">
  <reporter-output>
  </reporter-output>
  <suite started-at="2022-06-28T18:30:21 BRT" name="Default suite" finished-at="2022-06-28T18:30:42 BRT" duration-ms="20173">
    <groups>
    </groups>
    <test started-at="2022-06-28T18:30:21 BRT" name="Default test" finished-at="2022-06-28T18:30:42 BRT" duration-ms="20173">
      <class name="teste1.cenarios">
        <test-method is-config="true" signature="init()[pri:0, instance:teste1.cenarios@46cdf8bd]" started-at="2022-06-28T18:30:21 BRT" name="init" finished-at="2022-06-28T18:30:25 BRT" duration-ms="3894" status="PASS">
          <reporter-output>
          </reporter-output>
        </test-method> <!-- init -->
        <test-method signature="buyMultipleMAX()[pri:0, instance:teste1.cenarios@46cdf8bd]" started-at="2022-06-28T18:30:25 BRT" name="buyMultipleMAX" finished-at="2022-06-28T18:30:28 BRT" duration-ms="2271" status="PASS">
          <reporter-output>
          </reporter-output>
        </test-method> <!-- buyMultipleMAX -->
        <test-method is-config="true" signature="finish()[pri:0, instance:teste1.cenarios@46cdf8bd]" started-at="2022-06-28T18:30:28 BRT" name="finish" finished-at="2022-06-28T18:30:28 BRT" duration-ms="86" status="PASS">
          <reporter-output>
          </reporter-output>
        </test-method> <!-- finish -->
        <test-method is-config="true" signature="init()[pri:0, instance:teste1.cenarios@46cdf8bd]" started-at="2022-06-28T18:30:28 BRT" name="init" finished-at="2022-06-28T18:30:31 BRT" duration-ms="3300" status="PASS">
          <reporter-output>
          </reporter-output>
        </test-method> <!-- init -->
        <test-method signature="buyMultipleMID()[pri:0, instance:teste1.cenarios@46cdf8bd]" started-at="2022-06-28T18:30:31 BRT" name="buyMultipleMID" finished-at="2022-06-28T18:30:33 BRT" duration-ms="1572" status="PASS">
          <reporter-output>
          </reporter-output>
        </test-method> <!-- buyMultipleMID -->
        <test-method is-config="true" signature="finish()[pri:0, instance:teste1.cenarios@46cdf8bd]" started-at="2022-06-28T18:30:33 BRT" name="finish" finished-at="2022-06-28T18:30:33 BRT" duration-ms="80" status="PASS">
          <reporter-output>
          </reporter-output>
        </test-method> <!-- finish -->
        <test-method is-config="true" signature="init()[pri:0, instance:teste1.cenarios@46cdf8bd]" started-at="2022-06-28T18:30:33 BRT" name="init" finished-at="2022-06-28T18:30:36 BRT" duration-ms="3386" status="PASS">
          <reporter-output>
          </reporter-output>
        </test-method> <!-- init -->
        <test-method signature="buySingleItem()[pri:0, instance:teste1.cenarios@46cdf8bd]" started-at="2022-06-28T18:30:36 BRT" name="buySingleItem" finished-at="2022-06-28T18:30:37 BRT" duration-ms="1167" status="PASS">
          <reporter-output>
          </reporter-output>
        </test-method> <!-- buySingleItem -->
        <test-method is-config="true" signature="finish()[pri:0, instance:teste1.cenarios@46cdf8bd]" started-at="2022-06-28T18:30:37 BRT" name="finish" finished-at="2022-06-28T18:30:37 BRT" duration-ms="83" status="PASS">
          <reporter-output>
          </reporter-output>
        </test-method> <!-- finish -->
        <test-method is-config="true" signature="init()[pri:0, instance:teste1.cenarios@46cdf8bd]" started-at="2022-06-28T18:30:37 BRT" name="init" finished-at="2022-06-28T18:30:41 BRT" duration-ms="3263" status="PASS">
          <reporter-output>
          </reporter-output>
        </test-method> <!-- init -->
        <test-method signature="removeItems()[pri:0, instance:teste1.cenarios@46cdf8bd]" started-at="2022-06-28T18:30:41 BRT" name="removeItems" finished-at="2022-06-28T18:30:42 BRT" duration-ms="962" status="PASS">
          <reporter-output>
          </reporter-output>
        </test-method> <!-- removeItems -->
        <test-method is-config="true" signature="finish()[pri:0, instance:teste1.cenarios@46cdf8bd]" started-at="2022-06-28T18:30:42 BRT" name="finish" finished-at="2022-06-28T18:30:42 BRT" duration-ms="80" status="PASS">
          <reporter-output>
          </reporter-output>
        </test-method> <!-- finish -->
      </class> <!-- teste1.cenarios -->
    </test> <!-- Default test -->
  </suite> <!-- Default suite -->
</testng-results>
